2021-01-12 12:21:51,516  INFO [TestNG-test=Test-1] Reports:33 - Enter user name
2021-01-12 12:21:51,639  INFO [TestNG-test=Test-1] Reports:33 - Enter password
2021-01-12 12:21:51,809  INFO [TestNG-test=Test-1] Reports:33 - Clicking pharmacy
2021-01-12 12:21:51,914  INFO [TestNG-test=Test-1] Reports:33 - Enter loginbutton
2021-01-12 12:21:54,748  INFO [TestNG-test=Test-1] Reports:33 - Clicking loginbutton
2021-01-12 12:22:02,153  INFO [TestNG-test=Test-1] Reports:33 - Enter firstname
2021-01-12 12:22:02,252  INFO [TestNG-test=Test-1] Reports:33 - Enter familyname
2021-01-12 12:22:02,418  INFO [TestNG-test=Test-1] Reports:33 - Enter loginbutton
2021-01-12 12:22:02,603  INFO [TestNG-test=Test-1] Reports:33 - Selecting gender
2021-01-12 12:22:02,713  INFO [TestNG-test=Test-1] Reports:33 - Enter loginbutton
2021-01-12 12:22:02,783  INFO [TestNG-test=Test-1] Reports:33 - Enter estimation year
2021-01-12 12:22:02,950  INFO [TestNG-test=Test-1] Reports:33 - Enter estimation month
2021-01-12 12:22:03,062  INFO [TestNG-test=Test-1] Reports:33 - Enter loginbutton
2021-01-12 12:22:03,270  INFO [TestNG-test=Test-1] Reports:33 - Enter address
2021-01-12 12:22:03,452  INFO [TestNG-test=Test-1] Reports:33 - Enter secondaddress
2021-01-12 12:22:03,558  INFO [TestNG-test=Test-1] Reports:33 - Enter cityname
2021-01-12 12:22:03,686  INFO [TestNG-test=Test-1] Reports:33 - Enter statename
2021-01-12 12:22:03,857  INFO [TestNG-test=Test-1] Reports:33 - Enter country
2021-01-12 12:22:03,937  INFO [TestNG-test=Test-1] Reports:33 - Enter postal code
2021-01-12 12:22:04,126  INFO [TestNG-test=Test-1] Reports:33 - Enter loginbutton
2021-01-12 12:22:04,206  INFO [TestNG-test=Test-1] Reports:33 - Enter phonenumber
2021-01-12 12:22:04,499  INFO [TestNG-test=Test-1] Reports:33 - Selecting relationship
2021-01-12 12:22:04,707  INFO [TestNG-test=Test-1] Reports:33 - Enter name of the person
2021-01-12 12:22:04,907  INFO [TestNG-test=Test-1] Reports:33 - Enter loginbutton
2021-01-12 12:22:05,004  INFO [TestNG-test=Test-1] Reports:33 - Enter confirmbutton
2021-01-12 12:22:05,167  INFO [TestNG-test=Test-1] Reports:33 - Clicking  homepageicon
2021-01-12 12:22:13,634  INFO [TestNG-test=Test-1] Reports:33 - Clicking  patient record
2021-01-12 12:22:16,403  INFO [TestNG-test=Test-1] Reports:33 - Enter patient search
2021-01-12 12:22:16,513  INFO [TestNG-test=Test-1] Reports:33 - Clicking homepageicon
2021-01-12 12:22:17,243  INFO [TestNG-test=Test-1] Reports:33 - Clicking  datamanagement
2021-01-12 12:22:18,266  INFO [TestNG-test=Test-1] Reports:33 - Clicking mergerecords
2021-01-12 12:22:20,445  INFO [TestNG-test=Test-1] Reports:33 - Enter patient  id
2021-01-12 12:22:20,533  INFO [TestNG-test=Test-1] Reports:33 - Enter second patient  id
2021-01-12 12:22:20,617  INFO [TestNG-test=Test-1] Reports:33 - Clicking confirm button
